<?xml version="1.0" encoding="UTF-8"?>
<!-- Generated by org.testng.reporters.JUnitXMLReporter -->
<testsuite ignored="0" hostname="LAPTOP-7Q4V18QD" failures="0" tests="4" name="Test" time="68.564" errors="0" timestamp="2022-06-22T21:33:23 IST">
  <testcase classname="com.qa.testclasses.hompagetest" name="getusernametest" time="0.092"/>
  <testcase classname="com.qa.testclasses.loginpagetest" name="loginpagetitletest" time="4.034"/>
  <testcase classname="com.qa.testclasses.loginpagetest" name="forgotpasswordlinktest" time="0.145"/>
  <testcase classname="com.qa.testclasses.loginpagetest" name="logintest" time="11.371"/>
</testsuite> <!-- Test -->
