<?xml version="1.0" encoding="UTF-8"?>
<testng-results ignored="0" total="4" passed="4" failed="0" skipped="0">
  <reporter-output>
  </reporter-output>
  <suite started-at="2022-06-22T21:32:14 IST" name="Suite" finished-at="2022-06-22T21:33:23 IST" duration-ms="68564">
    <groups>
    </groups>
    <test started-at="2022-06-22T21:32:14 IST" name="Test" finished-at="2022-06-22T21:33:23 IST" duration-ms="68564">
      <class name="com.qa.testclasses.loginpagetest">
        <test-method is-config="true" signature="setUp()[pri:0, instance:com.qa.testclasses.loginpagetest@2a4fb17b]" started-at="2022-06-22T21:32:38 IST" name="setUp" finished-at="2022-06-22T21:32:47 IST" duration-ms="9196" status="PASS">
          <reporter-output>
          </reporter-output>
        </test-method> <!-- setUp -->
        <test-method signature="loginpagetitletest()[pri:1, instance:com.qa.testclasses.loginpagetest@2a4fb17b]" started-at="2022-06-22T21:32:47 IST" name="loginpagetitletest" finished-at="2022-06-22T21:32:51 IST" duration-ms="4034" status="PASS">
          <reporter-output>
          </reporter-output>
        </test-method> <!-- loginpagetitletest -->
        <test-method is-config="true" signature="tearDown()[pri:0, instance:com.qa.testclasses.loginpagetest@2a4fb17b]" started-at="2022-06-22T21:32:51 IST" name="tearDown" finished-at="2022-06-22T21:32:52 IST" duration-ms="1237" status="PASS">
          <reporter-output>
          </reporter-output>
        </test-method> <!-- tearDown -->
        <test-method is-config="true" signature="setUp()[pri:0, instance:com.qa.testclasses.loginpagetest@2a4fb17b]" started-at="2022-06-22T21:32:52 IST" name="setUp" finished-at="2022-06-22T21:33:00 IST" duration-ms="7546" status="PASS">
          <reporter-output>
          </reporter-output>
        </test-method> <!-- setUp -->
        <test-method signature="forgotpasswordlinktest()[pri:2, instance:com.qa.testclasses.loginpagetest@2a4fb17b]" started-at="2022-06-22T21:33:00 IST" name="forgotpasswordlinktest" finished-at="2022-06-22T21:33:00 IST" duration-ms="145" status="PASS">
          <reporter-output>
          </reporter-output>
        </test-method> <!-- forgotpasswordlinktest -->
        <test-method is-config="true" signature="tearDown()[pri:0, instance:com.qa.testclasses.loginpagetest@2a4fb17b]" started-at="2022-06-22T21:33:00 IST" name="tearDown" finished-at="2022-06-22T21:33:00 IST" duration-ms="484" status="PASS">
          <reporter-output>
          </reporter-output>
        </test-method> <!-- tearDown -->
        <test-method is-config="true" signature="setUp()[pri:0, instance:com.qa.testclasses.loginpagetest@2a4fb17b]" started-at="2022-06-22T21:33:00 IST" name="setUp" finished-at="2022-06-22T21:33:11 IST" duration-ms="10507" status="PASS">
          <reporter-output>
          </reporter-output>
        </test-method> <!-- setUp -->
        <test-method signature="logintest()[pri:3, instance:com.qa.testclasses.loginpagetest@2a4fb17b]" started-at="2022-06-22T21:33:11 IST" name="logintest" finished-at="2022-06-22T21:33:22 IST" duration-ms="11371" status="PASS">
          <reporter-output>
          </reporter-output>
        </test-method> <!-- logintest -->
        <test-method is-config="true" signature="tearDown()[pri:0, instance:com.qa.testclasses.loginpagetest@2a4fb17b]" started-at="2022-06-22T21:33:22 IST" name="tearDown" finished-at="2022-06-22T21:33:23 IST" duration-ms="768" status="PASS">
          <reporter-output>
          </reporter-output>
        </test-method> <!-- tearDown -->
      </class> <!-- com.qa.testclasses.loginpagetest -->
      <class name="com.qa.testclasses.hompagetest">
        <test-method is-config="true" signature="setUp()[pri:0, instance:com.qa.testclasses.hompagetest@c8c12ac]" started-at="2022-06-22T21:32:15 IST" name="setUp" finished-at="2022-06-22T21:32:37 IST" duration-ms="22109" status="PASS">
          <reporter-output>
          </reporter-output>
        </test-method> <!-- setUp -->
        <test-method signature="getusernametest()[pri:1, instance:com.qa.testclasses.hompagetest@c8c12ac]" started-at="2022-06-22T21:32:37 IST" name="getusernametest" finished-at="2022-06-22T21:32:37 IST" duration-ms="92" status="PASS">
          <reporter-output>
          </reporter-output>
        </test-method> <!-- getusernametest -->
        <test-method is-config="true" signature="tearDown()[pri:0, instance:com.qa.testclasses.hompagetest@c8c12ac]" started-at="2022-06-22T21:32:37 IST" name="tearDown" finished-at="2022-06-22T21:32:38 IST" duration-ms="970" status="PASS">
          <reporter-output>
          </reporter-output>
        </test-method> <!-- tearDown -->
      </class> <!-- com.qa.testclasses.hompagetest -->
    </test> <!-- Test -->
  </suite> <!-- Suite -->
</testng-results>
