<?xml version="1.0" encoding="UTF-8"?>
<testng-results ignored="0" total="1" passed="1" failed="0" skipped="0">
  <reporter-output>
  </reporter-output>
  <suite started-at="2022-06-08T16:41:10 IST" name="Default suite" finished-at="2022-06-08T16:41:33 IST" duration-ms="23144">
    <groups>
    </groups>
    <test started-at="2022-06-08T16:41:10 IST" name="Default test" finished-at="2022-06-08T16:41:33 IST" duration-ms="23144">
      <class name="com.qa.testclasses.hompagetest">
        <test-method is-config="true" signature="setUp()[pri:0, instance:com.qa.testclasses.hompagetest@1189dd52]" started-at="2022-06-08T16:41:10 IST" name="setUp" finished-at="2022-06-08T16:41:33 IST" duration-ms="22966" status="PASS">
          <reporter-output>
          </reporter-output>
        </test-method> <!-- setUp -->
        <test-method signature="getusernametest()[pri:1, instance:com.qa.testclasses.hompagetest@1189dd52]" started-at="2022-06-08T16:41:33 IST" name="getusernametest" finished-at="2022-06-08T16:41:33 IST" duration-ms="75" status="PASS">
          <reporter-output>
          </reporter-output>
        </test-method> <!-- getusernametest -->
        <test-method is-config="true" signature="tearDown()[pri:0, instance:com.qa.testclasses.hompagetest@1189dd52]" started-at="2022-06-08T16:41:33 IST" name="tearDown" finished-at="2022-06-08T16:41:33 IST" duration-ms="1" status="PASS">
          <reporter-output>
          </reporter-output>
        </test-method> <!-- tearDown -->
      </class> <!-- com.qa.testclasses.hompagetest -->
    </test> <!-- Default test -->
  </suite> <!-- Default suite -->
</testng-results>
